\BOOKMARK [0][-]{chapter.1}{\376\377\000B\000T\000C\000\040\000P\000a\000r\000a\000c\000h\000a\000i\000n\000\040\000a\000t\000\040\000a\000\040\000G\000l\000a\000n\000c\000e}{}% 1
\BOOKMARK [1][-]{section.1.1}{\376\377\000F\000u\000n\000c\000t\000i\000o\000n\000a\000l\000i\000t\000y}{chapter.1}% 2
\BOOKMARK [1][-]{section.1.2}{\376\377\000C\000o\000m\000p\000o\000n\000e\000n\000t\000s}{chapter.1}% 3
\BOOKMARK [0][-]{chapter.2}{\376\377\000C\000r\000y\000p\000t\000o\000c\000u\000r\000r\000e\000n\000c\000y\000-\000b\000a\000c\000k\000e\000d\000\040\000A\000s\000s\000e\000t\000s}{}% 4
\BOOKMARK [1][-]{section.2.1}{\376\377\000C\000r\000y\000p\000t\000o\000c\000u\000r\000r\000e\000n\000c\000y\000-\000b\000a\000c\000k\000\040\000A\000s\000s\000e\000t\000s\000\040\000\050\000C\000b\000A\000\051}{chapter.2}% 5
\BOOKMARK [1][-]{section.2.2}{\376\377\000D\000e\000s\000i\000g\000n\000\040\000P\000r\000i\000n\000c\000i\000p\000l\000e\000s}{chapter.2}% 6
\BOOKMARK [1][-]{section.2.3}{\376\377\000R\000e\000c\000o\000m\000m\000e\000n\000d\000e\000d\000\040\000B\000a\000c\000k\000g\000r\000o\000u\000n\000d\000\040\000R\000e\000a\000d\000i\000n\000g}{chapter.2}% 7
\BOOKMARK [0][-]{chapter.3}{\376\377\000P\000o\000l\000k\000a\000d\000o\000t}{}% 8
\BOOKMARK [1][-]{section.3.1}{\376\377\000S\000u\000b\000s\000t\000r\000a\000t\000e}{chapter.3}% 9
\BOOKMARK [1][-]{section.3.2}{\376\377\000S\000u\000b\000s\000t\000r\000a\000t\000e\000\040\000S\000p\000e\000c\000i\000f\000i\000c\000s}{chapter.3}% 10
\BOOKMARK [0][-]{chapter.4}{\376\377\000A\000r\000c\000h\000i\000t\000e\000c\000t\000u\000r\000e}{}% 11
\BOOKMARK [1][-]{section.4.1}{\376\377\000A\000c\000t\000o\000r\000s}{chapter.4}% 12
\BOOKMARK [1][-]{section.4.2}{\376\377\000M\000o\000d\000u\000l\000e\000s}{chapter.4}% 13
\BOOKMARK [1][-]{section.4.3}{\376\377\000I\000n\000t\000e\000r\000a\000c\000t\000i\000o\000n\000s}{chapter.4}% 14
\BOOKMARK [0][-]{chapter.5}{\376\377\000H\000o\000w\000\040\000t\000o\000\040\000r\000e\000a\000d\000\040\000t\000h\000i\000s\000\040\000s\000p\000e\000c\000i\000f\000i\000c\000a\000t\000i\000o\000n}{}% 15
\BOOKMARK [1][-]{section.5.1}{\376\377\000R\000e\000t\000u\000r\000n\000\040\000t\000y\000p\000e\000s}{chapter.5}% 16
\BOOKMARK [1][-]{section.5.2}{\376\377\000P\000r\000e\000c\000o\000n\000d\000i\000t\000i\000o\000n\000s\000,\000\040\000P\000o\000s\000t\000c\000o\000n\000d\000i\000t\000i\000o\000n\000s\000\040\000a\000n\000d\000\040\000I\000n\000v\000a\000r\000i\000a\000n\000t\000s}{chapter.5}% 17
\BOOKMARK [1][-]{section.5.3}{\376\377\000E\000r\000r\000o\000r\000s\000\040\000a\000n\000d\000\040\000E\000v\000e\000n\000t\000s}{chapter.5}% 18
\BOOKMARK [0][-]{chapter.6}{\376\377\000B\000T\000C\000-\000R\000e\000l\000a\000y}{}% 19
\BOOKMARK [0][-]{chapter.7}{\376\377\000C\000o\000l\000l\000a\000t\000e\000r\000a\000l}{}% 20
\BOOKMARK [1][-]{section.7.1}{\376\377\000O\000v\000e\000r\000v\000i\000e\000w}{chapter.7}% 21
\BOOKMARK [1][-]{section.7.2}{\376\377\000D\000a\000t\000a\000\040\000M\000o\000d\000e\000l}{chapter.7}% 22
\BOOKMARK [1][-]{section.7.3}{\376\377\000F\000u\000n\000c\000t\000i\000o\000n\000s}{chapter.7}% 23
\BOOKMARK [1][-]{section.7.4}{\376\377\000E\000v\000e\000n\000t\000s}{chapter.7}% 24
\BOOKMARK [1][-]{section.7.5}{\376\377\000E\000r\000r\000o\000r\000s}{chapter.7}% 25
\BOOKMARK [0][-]{chapter.8}{\376\377\000F\000e\000e}{}% 26
\BOOKMARK [1][-]{section.8.1}{\376\377\000O\000v\000e\000r\000v\000i\000e\000w}{chapter.8}% 27
\BOOKMARK [1][-]{section.8.2}{\376\377\000D\000a\000t\000a\000\040\000M\000o\000d\000e\000l}{chapter.8}% 28
\BOOKMARK [1][-]{section.8.3}{\376\377\000F\000u\000n\000c\000t\000i\000o\000n\000s}{chapter.8}% 29
\BOOKMARK [1][-]{section.8.4}{\376\377\000E\000v\000e\000n\000t\000s}{chapter.8}% 30
\BOOKMARK [0][-]{chapter.9}{\376\377\000E\000x\000c\000h\000a\000n\000g\000e\000\040\000R\000a\000t\000e\000\040\000O\000r\000a\000c\000l\000e}{}% 31
\BOOKMARK [1][-]{section.9.1}{\376\377\000D\000a\000t\000a\000\040\000M\000o\000d\000e\000l}{chapter.9}% 32
\BOOKMARK [1][-]{section.9.2}{\376\377\000F\000u\000n\000c\000t\000i\000o\000n\000s}{chapter.9}% 33
\BOOKMARK [1][-]{section.9.3}{\376\377\000E\000v\000e\000n\000t\000s}{chapter.9}% 34
\BOOKMARK [1][-]{section.9.4}{\376\377\000E\000r\000r\000o\000r\000\040\000C\000o\000d\000e\000s}{chapter.9}% 35
\BOOKMARK [0][-]{chapter.10}{\376\377\000I\000s\000s\000u\000e}{}% 36
\BOOKMARK [1][-]{section.10.1}{\376\377\000O\000v\000e\000r\000v\000i\000e\000w}{chapter.10}% 37
\BOOKMARK [1][-]{section.10.2}{\376\377\000D\000a\000t\000a\000\040\000M\000o\000d\000e\000l}{chapter.10}% 38
\BOOKMARK [1][-]{section.10.3}{\376\377\000F\000u\000n\000c\000t\000i\000o\000n\000s}{chapter.10}% 39
\BOOKMARK [1][-]{section.10.4}{\376\377\000E\000v\000e\000n\000t\000s}{chapter.10}% 40
\BOOKMARK [1][-]{section.10.5}{\376\377\000E\000r\000r\000o\000r\000\040\000C\000o\000d\000e\000s}{chapter.10}% 41
\BOOKMARK [0][-]{chapter.11}{\376\377\000V\000a\000u\000l\000t\000\040\000N\000o\000m\000i\000n\000a\000t\000i\000o\000n}{}% 42
\BOOKMARK [1][-]{section.11.1}{\376\377\000O\000v\000e\000r\000v\000i\000e\000w}{chapter.11}% 43
\BOOKMARK [1][-]{section.11.2}{\376\377\000P\000r\000o\000t\000o\000c\000o\000l}{chapter.11}% 44
\BOOKMARK [1][-]{section.11.3}{\376\377\000D\000a\000t\000a\000\040\000M\000o\000d\000e\000l}{chapter.11}% 45
\BOOKMARK [1][-]{section.11.4}{\376\377\000F\000u\000n\000c\000t\000i\000o\000n\000s}{chapter.11}% 46
\BOOKMARK [1][-]{section.11.5}{\376\377\000E\000v\000e\000n\000t\000s}{chapter.11}% 47
\BOOKMARK [0][-]{chapter.12}{\376\377\000R\000e\000d\000e\000e\000m}{}% 48
\BOOKMARK [1][-]{section.12.1}{\376\377\000O\000v\000e\000r\000v\000i\000e\000w}{chapter.12}% 49
\BOOKMARK [1][-]{section.12.2}{\376\377\000D\000a\000t\000a\000\040\000M\000o\000d\000e\000l}{chapter.12}% 50
\BOOKMARK [1][-]{section.12.3}{\376\377\000F\000u\000n\000c\000t\000i\000o\000n\000s}{chapter.12}% 51
\BOOKMARK [1][-]{section.12.4}{\376\377\000E\000v\000e\000n\000t\000s}{chapter.12}% 52
\BOOKMARK [1][-]{section.12.5}{\376\377\000E\000r\000r\000o\000r\000\040\000C\000o\000d\000e\000s}{chapter.12}% 53
\BOOKMARK [0][-]{chapter.13}{\376\377\000R\000e\000f\000u\000n\000d}{}% 54
\BOOKMARK [1][-]{section.13.1}{\376\377\000O\000v\000e\000r\000v\000i\000e\000w}{chapter.13}% 55
\BOOKMARK [0][-]{chapter.14}{\376\377\000R\000e\000p\000l\000a\000c\000e}{}% 56
\BOOKMARK [1][-]{section.14.1}{\376\377\000O\000v\000e\000r\000v\000i\000e\000w}{chapter.14}% 57
\BOOKMARK [1][-]{section.14.2}{\376\377\000D\000a\000t\000a\000\040\000M\000o\000d\000e\000l}{chapter.14}% 58
\BOOKMARK [1][-]{section.14.3}{\376\377\000F\000u\000n\000c\000t\000i\000o\000n\000s}{chapter.14}% 59
\BOOKMARK [1][-]{section.14.4}{\376\377\000E\000v\000e\000n\000t\000s}{chapter.14}% 60
\BOOKMARK [1][-]{section.14.5}{\376\377\000E\000r\000r\000o\000r\000\040\000C\000o\000d\000e\000s}{chapter.14}% 61
\BOOKMARK [0][-]{chapter.15}{\376\377\000S\000e\000c\000u\000r\000i\000t\000y}{}% 62
\BOOKMARK [1][-]{section.15.1}{\376\377\000O\000v\000e\000r\000v\000i\000e\000w}{chapter.15}% 63
\BOOKMARK [1][-]{section.15.2}{\376\377\000D\000a\000t\000a\000\040\000M\000o\000d\000e\000l}{chapter.15}% 64
\BOOKMARK [1][-]{section.15.3}{\376\377\000D\000a\000t\000a\000\040\000S\000t\000o\000r\000a\000g\000e}{chapter.15}% 65
\BOOKMARK [1][-]{section.15.4}{\376\377\000F\000u\000n\000c\000t\000i\000o\000n\000s}{chapter.15}% 66
\BOOKMARK [1][-]{section.15.5}{\376\377\000E\000v\000e\000n\000t\000s}{chapter.15}% 67
\BOOKMARK [0][-]{chapter.16}{\376\377\000S\000L\000A}{}% 68
\BOOKMARK [1][-]{section.16.1}{\376\377\000O\000v\000e\000r\000v\000i\000e\000w}{chapter.16}% 69
\BOOKMARK [1][-]{section.16.2}{\376\377\000D\000a\000t\000a\000\040\000M\000o\000d\000e\000l}{chapter.16}% 70
\BOOKMARK [1][-]{section.16.3}{\376\377\000F\000u\000n\000c\000t\000i\000o\000n\000s}{chapter.16}% 71
\BOOKMARK [1][-]{section.16.4}{\376\377\000E\000v\000e\000n\000t\000s}{chapter.16}% 72
\BOOKMARK [0][-]{chapter.17}{\376\377\000S\000t\000a\000k\000e\000d\000\040\000R\000e\000l\000a\000y\000e\000r\000s}{}% 73
\BOOKMARK [1][-]{section.17.1}{\376\377\000O\000v\000e\000r\000v\000i\000e\000w}{chapter.17}% 74
\BOOKMARK [1][-]{section.17.2}{\376\377\000D\000a\000t\000a\000\040\000M\000o\000d\000e\000l}{chapter.17}% 75
\BOOKMARK [1][-]{section.17.3}{\376\377\000D\000a\000t\000a\000\040\000S\000t\000o\000r\000a\000g\000e}{chapter.17}% 76
\BOOKMARK [1][-]{section.17.4}{\376\377\000F\000u\000n\000c\000t\000i\000o\000n\000s}{chapter.17}% 77
\BOOKMARK [1][-]{section.17.5}{\376\377\000E\000v\000e\000n\000t\000s}{chapter.17}% 78
\BOOKMARK [1][-]{section.17.6}{\376\377\000E\000r\000r\000o\000r\000s}{chapter.17}% 79
\BOOKMARK [0][-]{chapter.18}{\376\377\000T\000r\000e\000a\000s\000u\000r\000y}{}% 80
\BOOKMARK [1][-]{section.18.1}{\376\377\000O\000v\000e\000r\000v\000i\000e\000w}{chapter.18}% 81
\BOOKMARK [1][-]{section.18.2}{\376\377\000D\000a\000t\000a\000\040\000M\000o\000d\000e\000l}{chapter.18}% 82
\BOOKMARK [1][-]{section.18.3}{\376\377\000F\000u\000n\000c\000t\000i\000o\000n\000s}{chapter.18}% 83
\BOOKMARK [1][-]{section.18.4}{\376\377\000E\000v\000e\000n\000t\000s}{chapter.18}% 84
\BOOKMARK [1][-]{section.18.5}{\376\377\000E\000r\000r\000o\000r\000s}{chapter.18}% 85
\BOOKMARK [0][-]{chapter.19}{\376\377\000V\000a\000u\000l\000t\000\040\000R\000e\000g\000i\000s\000t\000r\000y}{}% 86
\BOOKMARK [1][-]{section.19.1}{\376\377\000O\000v\000e\000r\000v\000i\000e\000w}{chapter.19}% 87
\BOOKMARK [1][-]{section.19.2}{\376\377\000D\000a\000t\000a\000\040\000M\000o\000d\000e\000l}{chapter.19}% 88
\BOOKMARK [1][-]{section.19.3}{\376\377\000D\000i\000s\000p\000a\000t\000c\000h\000a\000b\000l\000e\000\040\000F\000u\000n\000c\000t\000i\000o\000n\000s}{chapter.19}% 89
\BOOKMARK [1][-]{section.19.4}{\376\377\000F\000u\000n\000c\000t\000i\000o\000n\000s\000\040\000c\000a\000l\000l\000e\000d\000\040\000f\000r\000o\000m\000\040\000o\000t\000h\000e\000r\000\040\000p\000a\000l\000l\000e\000t\000s}{chapter.19}% 90
\BOOKMARK [1][-]{section.19.5}{\376\377\000E\000v\000e\000n\000t\000s}{chapter.19}% 91
\BOOKMARK [1][-]{section.19.6}{\376\377\000E\000r\000r\000o\000r\000\040\000C\000o\000d\000e\000s}{chapter.19}% 92
\BOOKMARK [0][-]{chapter.20}{\376\377\000V\000a\000u\000l\000t\000\040\000L\000i\000q\000u\000i\000d\000a\000t\000i\000o\000n\000s}{}% 93
\BOOKMARK [1][-]{section.20.1}{\376\377\000S\000a\000f\000e\000t\000y\000\040\000F\000a\000i\000l\000u\000r\000e\000s}{chapter.20}% 94
\BOOKMARK [1][-]{section.20.2}{\376\377\000C\000r\000a\000s\000h\000\040\000F\000a\000i\000l\000u\000r\000e\000s}{chapter.20}% 95
\BOOKMARK [1][-]{section.20.3}{\376\377\000L\000i\000q\000u\000i\000d\000a\000t\000i\000o\000n\000s\000\040\000\050\000S\000a\000f\000e\000t\000y\000\040\000F\000a\000i\000l\000u\000r\000e\000s\000\051}{chapter.20}% 96
\BOOKMARK [0][-]{chapter.21}{\376\377\000S\000e\000c\000u\000r\000i\000t\000y\000\040\000A\000n\000a\000l\000y\000s\000i\000s}{}% 97
\BOOKMARK [1][-]{section.21.1}{\376\377\000R\000e\000p\000l\000a\000y\000\040\000A\000t\000t\000a\000c\000k\000s}{chapter.21}% 98
\BOOKMARK [1][-]{section.21.2}{\376\377\000C\000o\000u\000n\000t\000e\000r\000f\000e\000i\000t\000i\000n\000g}{chapter.21}% 99
\BOOKMARK [1][-]{section.21.3}{\376\377\000P\000e\000r\000m\000a\000n\000e\000n\000t\000\040\000B\000l\000o\000c\000k\000c\000h\000a\000i\000n\000\040\000S\000p\000l\000i\000t\000s}{chapter.21}% 100
\BOOKMARK [1][-]{section.21.4}{\376\377\000D\000e\000n\000i\000a\000l\000-\000o\000f\000-\000S\000e\000r\000v\000i\000c\000e\000\040\000A\000t\000t\000a\000c\000k\000s}{chapter.21}% 101
\BOOKMARK [1][-]{section.21.5}{\376\377\000F\000e\000e\000\040\000M\000o\000d\000e\000l\000\040\000S\000e\000c\000u\000r\000i\000t\000y\000:\000\040\000S\000y\000b\000i\000l\000\040\000A\000t\000t\000a\000c\000k\000s\000\040\000a\000n\000d\000\040\000E\000x\000t\000o\000r\000t\000i\000o\000n}{chapter.21}% 102
\BOOKMARK [1][-]{section.21.6}{\376\377\000G\000r\000i\000e\000f\000i\000n\000g}{chapter.21}% 103
\BOOKMARK [1][-]{section.21.7}{\376\377\000C\000o\000n\000c\000u\000r\000r\000e\000n\000c\000y}{chapter.21}% 104
\BOOKMARK [0][-]{chapter.22}{\376\377\000P\000e\000r\000f\000o\000r\000m\000a\000n\000c\000e\000\040\000A\000n\000a\000l\000y\000s\000i\000s}{}% 105
\BOOKMARK [0][-]{chapter.23}{\376\377\000E\000c\000o\000n\000o\000m\000i\000c\000\040\000I\000n\000c\000e\000n\000t\000i\000v\000e\000s}{}% 106
\BOOKMARK [1][-]{section.23.1}{\376\377\000R\000o\000l\000e\000s}{chapter.23}% 107
\BOOKMARK [1][-]{section.23.2}{\376\377\000P\000r\000o\000c\000e\000s\000s\000e\000s}{chapter.23}% 108
\BOOKMARK [1][-]{section.23.3}{\376\377\000C\000o\000n\000s\000t\000r\000a\000i\000n\000t\000s}{chapter.23}% 109
\BOOKMARK [0][-]{chapter.24}{\376\377\000F\000e\000e\000\040\000M\000o\000d\000e\000l}{}% 110
\BOOKMARK [1][-]{section.24.1}{\376\377\000C\000u\000r\000r\000e\000n\000c\000i\000e\000s}{chapter.24}% 111
\BOOKMARK [1][-]{section.24.2}{\376\377\000A\000c\000t\000o\000r\000s\000:\000\040\000I\000n\000c\000o\000m\000e\000\040\000a\000n\000d\000\040\000R\000e\000a\000l\000/\000O\000p\000p\000o\000r\000t\000u\000n\000i\000t\000y\000\040\000C\000o\000s\000t\000s}{chapter.24}% 112
\BOOKMARK [1][-]{section.24.3}{\376\377\000P\000a\000y\000m\000e\000n\000t\000\040\000f\000l\000o\000w\000s}{chapter.24}% 113
\BOOKMARK [1][-]{section.24.4}{\376\377\000C\000h\000a\000l\000l\000e\000n\000g\000e\000s\000\040\000A\000r\000o\000u\000n\000d\000\040\000E\000c\000o\000n\000o\000m\000i\000c\000\040\000E\000f\000f\000i\000c\000i\000e\000n\000c\000y}{chapter.24}% 114
\BOOKMARK [1][-]{section.24.5}{\376\377\000S\000u\000b\000s\000i\000d\000i\000z\000i\000n\000g\000\040\000V\000a\000u\000l\000t\000\040\000C\000o\000l\000l\000a\000t\000e\000r\000a\000l\000\040\000C\000o\000s\000t\000s}{chapter.24}% 115
\BOOKMARK [1][-]{section.24.6}{\376\377\000O\000t\000h\000e\000r\000\040\000c\000o\000n\000s\000i\000d\000e\000r\000a\000t\000i\000o\000n\000s}{chapter.24}% 116
\BOOKMARK [0][-]{chapter.25}{\376\377\000S\000e\000r\000v\000i\000c\000e\000\040\000L\000e\000v\000e\000l\000\040\000A\000g\000r\000e\000e\000m\000e\000n\000t\000s}{}% 117
\BOOKMARK [1][-]{section.25.1}{\376\377\000S\000L\000A\000\040\000V\000a\000l\000u\000e}{chapter.25}% 118
\BOOKMARK [1][-]{section.25.2}{\376\377\000S\000L\000A\000\040\000A\000c\000t\000i\000o\000n\000s}{chapter.25}% 119
\BOOKMARK [1][-]{section.25.3}{\376\377\000N\000o\000n\000-\000S\000L\000A\000\040\000A\000c\000t\000i\000o\000n\000s}{chapter.25}% 120
\BOOKMARK [0][-]{chapter.26}{\376\377\000L\000i\000c\000e\000n\000s\000e}{}% 121
\BOOKMARK [0][-]{chapter.27}{\376\377\000I\000n\000t\000e\000r\000l\000a\000y}{}% 122
