This is pdfTeX, Version 3.141592653-2.6-1.40.22 (TeX Live 2021/Arch Linux) (preloaded format=pdflatex 2021.5.24)  2 JUL 2021 15:18
entering extended mode
 restricted \write18 enabled.
 %&-line parsing enabled.
**interbtc.tex
(./interbtc.tex
LaTeX2e <2020-10-01> patch level 4
L3 programming layer <2021-02-18> (./sphinxmanual.cls
Document Class: sphinxmanual 2019/12/01 v2.3.0 Document class (Sphinx manual)
(/usr/share/texmf-dist/tex/latex/base/report.cls
Document Class: report 2020/04/10 v1.4m Standard LaTeX document class
(/usr/share/texmf-dist/tex/latex/base/size10.clo
File: size10.clo 2020/04/10 v1.4m Standard LaTeX file (size option)
)
\c@part=\count179
\c@chapter=\count180
\c@section=\count181
\c@subsection=\count182
\c@subsubsection=\count183
\c@paragraph=\count184
\c@subparagraph=\count185
\c@figure=\count186
\c@table=\count187
\abovecaptionskip=\skip47
\belowcaptionskip=\skip48
\bibindent=\dimen138
)
LaTeX Info: Redefining \and on input line 35.
)
(/usr/share/texmf-dist/tex/latex/base/inputenc.sty
Package: inputenc 2020/08/01 v1.3d Input encoding file
\inpenc@prehook=\toks15
\inpenc@posthook=\toks16
)
   defining Unicode char U+00A0 (decimal 160)
   defining Unicode char U+2500 (decimal 9472)
   defining Unicode char U+2502 (decimal 9474)
   defining Unicode char U+2514 (decimal 9492)
   defining Unicode char U+251C (decimal 9500)
   defining Unicode char U+2572 (decimal 9586)

(/usr/share/texmf-dist/tex/latex/cmap/cmap.sty
Package: cmap 2021/02/06 v1.0j CMap support: searchable PDF
)
(/usr/share/texmf-dist/tex/latex/base/fontenc.sty
Package: fontenc 2020/08/10 v2.0s Standard LaTeX package
<<t1.cmap>>)
(/usr/share/texmf-dist/tex/latex/amsmath/amsmath.sty
Package: amsmath 2020/09/23 v2.17i AMS math features
\@mathmargin=\skip49

For additional information on amsmath, use the `?' option.
(/usr/share/texmf-dist/tex/latex/amsmath/amstext.sty
Package: amstext 2000/06/29 v2.01 AMS text

(/usr/share/texmf-dist/tex/latex/amsmath/amsgen.sty
File: amsgen.sty 1999/11/30 v2.0 generic functions
\@emptytoks=\toks17
\ex@=\dimen139
))
(/usr/share/texmf-dist/tex/latex/amsmath/amsbsy.sty
Package: amsbsy 1999/11/29 v1.2d Bold Symbols
\pmbraise@=\dimen140
)
(/usr/share/texmf-dist/tex/latex/amsmath/amsopn.sty
Package: amsopn 2016/03/08 v2.02 operator names
)
\inf@bad=\count188
LaTeX Info: Redefining \frac on input line 234.
\uproot@=\count189
\leftroot@=\count190
LaTeX Info: Redefining \overline on input line 399.
\classnum@=\count191
\DOTSCASE@=\count192
LaTeX Info: Redefining \ldots on input line 496.
LaTeX Info: Redefining \dots on input line 499.
LaTeX Info: Redefining \cdots on input line 620.
\Mathstrutbox@=\box47
\strutbox@=\box48
\big@size=\dimen141
LaTeX Font Info:    Redeclaring font encoding OML on input line 743.
LaTeX Font Info:    Redeclaring font encoding OMS on input line 744.
\macc@depth=\count193
\c@MaxMatrixCols=\count194
\dotsspace@=\muskip16
\c@parentequation=\count195
\dspbrk@lvl=\count196
\tag@help=\toks18
\row@=\count197
\column@=\count198
\maxfields@=\count199
\andhelp@=\toks19
\eqnshift@=\dimen142
\alignsep@=\dimen143
\tagshift@=\dimen144
\tagwidth@=\dimen145
\totwidth@=\dimen146
\lineht@=\dimen147
\@envbody=\toks20
\multlinegap=\skip50
\multlinetaggap=\skip51
\mathdisplay@stack=\toks21
LaTeX Info: Redefining \[ on input line 2923.
LaTeX Info: Redefining \] on input line 2924.
)
(/usr/share/texmf-dist/tex/latex/amsfonts/amssymb.sty
Package: amssymb 2013/01/14 v3.01 AMS font symbols

(/usr/share/texmf-dist/tex/latex/amsfonts/amsfonts.sty
Package: amsfonts 2013/01/14 v3.01 Basic AMSFonts support
\symAMSa=\mathgroup4
\symAMSb=\mathgroup5
LaTeX Font Info:    Redeclaring math symbol \hbar on input line 98.
LaTeX Font Info:    Overwriting math alphabet `\mathfrak' in version `bold'
(Font)                  U/euf/m/n --> U/euf/b/n on input line 106.
))
(/usr/share/texmf-dist/tex/generic/babel/babel.sty
Package: babel 2021/03/24 3.56 The Babel package

(/usr/share/texmf-dist/tex/generic/babel/babel.def
File: babel.def 2021/03/24 3.56 Babel common definitions
\babel@savecnt=\count266
\U@D=\dimen148
\l@babelnohyphens=\language87

(/usr/share/texmf-dist/tex/generic/babel/txtbabel.def)
\bbl@readstream=\read2
)
\bbl@dirlevel=\count267

(/usr/share/texmf-dist/tex/generic/babel-english/english.ldf
Language: english 2017/06/06 v3.3r English support from the babel system
Package babel Info: \l@canadian = using hyphenrules for english
(babel)             (\language0) on input line 102.
Package babel Info: \l@australian = using hyphenrules for ukenglish
(babel)             (\language21) on input line 105.
Package babel Info: \l@newzealand = using hyphenrules for ukenglish
(babel)             (\language21) on input line 108.
))
(/usr/share/texmf-dist/tex/latex/psnfss/times.sty
Package: times 2020/03/25 PSNFSS-v9.3 (SPQR) 
)
(/usr/share/texmf-dist/tex/latex/fncychap/fncychap.sty
Package: fncychap 2007/07/30 v1.34 LaTeX package (Revised chapters)
\RW=\skip52
\mylen=\skip53
\myhi=\skip54
\px=\skip55
\py=\skip56
\pyy=\skip57
\pxx=\skip58
\c@AlphaCnt=\count268
\c@AlphaDecCnt=\count269
) (./sphinx.sty
Package: sphinx 2019/09/02 v2.3.0 LaTeX package (Sphinx markup)

(/usr/share/texmf-dist/tex/generic/ltxcmds/ltxcmds.sty
Package: ltxcmds 2020-05-10 v1.25 LaTeX kernel commands for general use (HO)
)
(/usr/share/texmf-dist/tex/latex/graphics/graphicx.sty
Package: graphicx 2020/09/09 v1.2b Enhanced LaTeX Graphics (DPC,SPQR)

(/usr/share/texmf-dist/tex/latex/graphics/keyval.sty
Package: keyval 2014/10/28 v1.15 key=value parser (DPC)
\KV@toks@=\toks22
)
(/usr/share/texmf-dist/tex/latex/graphics/graphics.sty
Package: graphics 2020/08/30 v1.4c Standard LaTeX Graphics (DPC,SPQR)

(/usr/share/texmf-dist/tex/latex/graphics/trig.sty
Package: trig 2016/01/03 v1.10 sin cos tan (DPC)
)
(/usr/share/texmf-dist/tex/latex/graphics-cfg/graphics.cfg
File: graphics.cfg 2016/06/04 v1.11 sample graphics configuration
)
Package graphics Info: Driver file: pdftex.def on input line 105.

(/usr/share/texmf-dist/tex/latex/graphics-def/pdftex.def
File: pdftex.def 2020/10/05 v1.2a Graphics/color driver for pdftex
))
\Gin@req@height=\dimen149
\Gin@req@width=\dimen150
)
(/usr/share/texmf-dist/tex/latex/fancyhdr/fancyhdr.sty
Package: fancyhdr 2021/01/28 v4.0.1 Extensive control of page headers and foote
rs
\f@nch@headwidth=\skip59
\f@nch@O@elh=\skip60
\f@nch@O@erh=\skip61
\f@nch@O@olh=\skip62
\f@nch@O@orh=\skip63
\f@nch@O@elf=\skip64
\f@nch@O@erf=\skip65
\f@nch@O@olf=\skip66
\f@nch@O@orf=\skip67
)
(/usr/share/texmf-dist/tex/latex/base/textcomp.sty
Package: textcomp 2020/02/02 v2.0n Standard LaTeX package
)
(/usr/share/texmf-dist/tex/latex/titlesec/titlesec.sty
Package: titlesec 2019/10/16 v2.13 Sectioning titles
\ttl@box=\box49
\beforetitleunit=\skip68
\aftertitleunit=\skip69
\ttl@plus=\dimen151
\ttl@minus=\dimen152
\ttl@toksa=\toks23
\titlewidth=\dimen153
\titlewidthlast=\dimen154
\titlewidthfirst=\dimen155
)
(/usr/share/texmf-dist/tex/latex/tabulary/tabulary.sty
Package: tabulary 2014/06/11 v0.10 tabulary package (DPC)

(/usr/share/texmf-dist/tex/latex/tools/array.sty
Package: array 2020/10/01 v2.5c Tabular extension package (FMi)
\col@sep=\dimen156
\ar@mcellbox=\box50
\extrarowheight=\dimen157
\NC@list=\toks24
\extratabsurround=\skip70
\backup@length=\skip71
\ar@cellbox=\box51
)
\TY@count=\count270
\TY@linewidth=\dimen158
\tymin=\dimen159
\tymax=\dimen160
\TY@tablewidth=\dimen161
)
(/usr/share/texmf-dist/tex/latex/tools/longtable.sty
Package: longtable 2020/01/07 v4.13 Multi-page Table package (DPC)
\LTleft=\skip72
\LTright=\skip73
\LTpre=\skip74
\LTpost=\skip75
\LTchunksize=\count271
\LTcapwidth=\dimen162
\LT@head=\box52
\LT@firsthead=\box53
\LT@foot=\box54
\LT@lastfoot=\box55
\LT@cols=\count272
\LT@rows=\count273
\c@LT@tables=\count274
\c@LT@chunks=\count275
\LT@p@ftn=\toks25
)
(/usr/share/texmf-dist/tex/latex/varwidth/varwidth.sty
Package: varwidth 2009/03/30 ver 0.92;  Variable-width minipages
\@vwid@box=\box56
\sift@deathcycles=\count276
\@vwid@loff=\dimen163
\@vwid@roff=\dimen164
) (./sphinxmulticell.sty
Package: sphinxmulticell 2017/02/23 v1.6 better span rows and columns of a tabl
e (Sphinx team)
\sphinx@TY@tablewidth=\dimen165
) (/usr/share/texmf-dist/tex/latex/base/makeidx.sty
Package: makeidx 2014/09/29 v1.0m Standard LaTeX package
)
(/usr/share/texmf-dist/tex/latex/framed/framed.sty
Package: framed 2011/10/22 v 0.96: framed or shaded text with page breaks
\OuterFrameSep=\skip76
\fb@frw=\dimen166
\fb@frh=\dimen167
\FrameRule=\dimen168
\FrameSep=\dimen169
)
(/usr/share/texmf-dist/tex/latex/xcolor/xcolor.sty
Package: xcolor 2016/05/11 v2.12 LaTeX color extensions (UK)

(/usr/share/texmf-dist/tex/latex/graphics-cfg/color.cfg
File: color.cfg 2016/01/02 v1.6 sample color configuration
)
Package xcolor Info: Driver file: pdftex.def on input line 225.
Package xcolor Info: Model `cmy' substituted by `cmy0' on input line 1348.
Package xcolor Info: Model `hsb' substituted by `rgb' on input line 1352.
Package xcolor Info: Model `RGB' extended on input line 1364.
Package xcolor Info: Model `HTML' substituted by `rgb' on input line 1366.
Package xcolor Info: Model `Hsb' substituted by `hsb' on input line 1367.
Package xcolor Info: Model `tHsb' substituted by `hsb' on input line 1368.
Package xcolor Info: Model `HSB' substituted by `hsb' on input line 1369.
Package xcolor Info: Model `Gray' substituted by `gray' on input line 1370.
Package xcolor Info: Model `wave' substituted by `hsb' on input line 1371.
)
(/usr/share/texmf-dist/tex/latex/fancyvrb/fancyvrb.sty
Package: fancyvrb 2021/01/20 v3.7 verbatim text (tvz,hv)
\FV@CodeLineNo=\count277
\FV@InFile=\read3
\FV@TabBox=\box57
\c@FancyVerbLine=\count278
\FV@StepNumber=\count279
\FV@OutFile=\write3
)
(./footnotehyper-sphinx.sty
Package: footnotehyper-sphinx 2017/10/27 v1.7 hyperref aware footnote.sty for s
phinx (JFB)
\FNH@notes=\box58
\FNH@width=\dimen170
) (/usr/share/texmf-dist/tex/latex/float/float.sty
Package: float 2001/11/08 v1.3d Float enhancements (AL)
\c@float@type=\count280
\float@exts=\toks26
\float@box=\box59
\@float@everytoks=\toks27
\@floatcapt=\box60
)
(/usr/share/texmf-dist/tex/latex/wrapfig/wrapfig.sty
\wrapoverhang=\dimen171
\WF@size=\dimen172
\c@WF@wrappedlines=\count281
\WF@box=\box61
\WF@everypar=\toks28
Package: wrapfig 2003/01/31  v 3.6
)
(/usr/share/texmf-dist/tex/latex/parskip/parskip.sty
Rollback for package 'parskip' requested -> version 'v1'.
         This corresponds to the release introduced on 2001-04-09.

(/usr/share/texmf-dist/tex/latex/parskip/parskip-2001-04-09.sty
Package: parskip 2001/04/09 non-zero parskip adjustments
))
(/usr/share/texmf-dist/tex/latex/base/alltt.sty
Package: alltt 1997/06/16 v2.0g defines alltt environment
)
(/usr/share/texmf-dist/tex/latex/upquote/upquote.sty
Package: upquote 2012/04/19 v1.3 upright-quote and grave-accent glyphs in verba
tim
)
(/usr/share/texmf-dist/tex/latex/capt-of/capt-of.sty
Package: capt-of 2009/12/29 v0.2 standard captions outside of floats
)
(/usr/share/texmf-dist/tex/latex/needspace/needspace.sty
Package: needspace 2010/09/12 v1.3d reserve vertical space
)
(./sphinxhighlight.sty
Package: sphinxhighlight 2016/05/29 stylesheet for highlighting with pygments
)
(/usr/share/texmf-dist/tex/latex/kvoptions/kvoptions.sty
Package: kvoptions 2020-10-07 v3.14 Key value format for package options (HO)

(/usr/share/texmf-dist/tex/generic/kvsetkeys/kvsetkeys.sty
Package: kvsetkeys 2019/12/15 v1.18 Key value parser (HO)
))
\sphinxverbatimsep=\dimen173
\sphinxverbatimborder=\dimen174
\sphinxshadowsep=\dimen175
\sphinxshadowsize=\dimen176
\sphinxshadowrule=\dimen177
\spx@notice@border=\dimen178
\spx@image@maxheight=\dimen179
\spx@image@box=\dimen180
\c@literalblock=\count282
\sphinxcontinuationbox=\box62
\sphinxvisiblespacebox=\box63
\sphinxVerbatim@TitleBox=\box64
\sphinxVerbatim@ContentsBox=\box65
\py@argswidth=\skip77
\lineblockindentation=\skip78
\DUlineblockindent=\skip79
)
(/usr/share/texmf-dist/tex/latex/geometry/geometry.sty
Package: geometry 2020/01/02 v5.9 Page Geometry

(/usr/share/texmf-dist/tex/generic/iftex/ifvtex.sty
Package: ifvtex 2019/10/25 v1.7 ifvtex legacy package. Use iftex instead.

(/usr/share/texmf-dist/tex/generic/iftex/iftex.sty
Package: iftex 2020/03/06 v1.0d TeX engine tests
))
\Gm@cnth=\count283
\Gm@cntv=\count284
\c@Gm@tempcnt=\count285
\Gm@bindingoffset=\dimen181
\Gm@wd@mp=\dimen182
\Gm@odd@mp=\dimen183
\Gm@even@mp=\dimen184
\Gm@layoutwidth=\dimen185
\Gm@layoutheight=\dimen186
\Gm@layouthoffset=\dimen187
\Gm@layoutvoffset=\dimen188
\Gm@dimlist=\toks29
)
(/usr/share/texmf-dist/tex/latex/hyperref/hyperref.sty
Package: hyperref 2021-02-27 v7.00k Hypertext links for LaTeX

(/usr/share/texmf-dist/tex/generic/pdftexcmds/pdftexcmds.sty
Package: pdftexcmds 2020-06-27 v0.33 Utility functions of pdfTeX for LuaTeX (HO
)

(/usr/share/texmf-dist/tex/generic/infwarerr/infwarerr.sty
Package: infwarerr 2019/12/03 v1.5 Providing info/warning/error messages (HO)
)
Package pdftexcmds Info: \pdf@primitive is available.
Package pdftexcmds Info: \pdf@ifprimitive is available.
Package pdftexcmds Info: \pdfdraftmode found.
)
(/usr/share/texmf-dist/tex/generic/kvdefinekeys/kvdefinekeys.sty
Package: kvdefinekeys 2019-12-19 v1.6 Define keys (HO)
)
(/usr/share/texmf-dist/tex/generic/pdfescape/pdfescape.sty
Package: pdfescape 2019/12/09 v1.15 Implements pdfTeX's escape features (HO)
)
(/usr/share/texmf-dist/tex/latex/hycolor/hycolor.sty
Package: hycolor 2020-01-27 v1.10 Color options for hyperref/bookmark (HO)
)
(/usr/share/texmf-dist/tex/latex/letltxmacro/letltxmacro.sty
Package: letltxmacro 2019/12/03 v1.6 Let assignment for LaTeX macros (HO)
)
(/usr/share/texmf-dist/tex/latex/auxhook/auxhook.sty
Package: auxhook 2019-12-17 v1.6 Hooks for auxiliary files (HO)
)
\@linkdim=\dimen189
\Hy@linkcounter=\count286
\Hy@pagecounter=\count287

(/usr/share/texmf-dist/tex/latex/hyperref/pd1enc.def
File: pd1enc.def 2021-02-27 v7.00k Hyperref: PDFDocEncoding definition (HO)
Now handling font encoding PD1 ...
... no UTF-8 mapping file for font encoding PD1
)
(/usr/share/texmf-dist/tex/latex/hyperref/hyperref-langpatches.def
File: hyperref-langpatches.def 2021-02-27 v7.00k Hyperref: patches for babel la
nguages
)
(/usr/share/texmf-dist/tex/generic/intcalc/intcalc.sty
Package: intcalc 2019/12/15 v1.3 Expandable calculations with integers (HO)
)
(/usr/share/texmf-dist/tex/generic/etexcmds/etexcmds.sty
Package: etexcmds 2019/12/15 v1.7 Avoid name clashes with e-TeX commands (HO)
)
\Hy@SavedSpaceFactor=\count288

(/usr/share/texmf-dist/tex/latex/hyperref/puenc.def
File: puenc.def 2021-02-27 v7.00k Hyperref: PDF Unicode definition (HO)
Now handling font encoding PU ...
... no UTF-8 mapping file for font encoding PU
)
Package hyperref Info: Option `unicode' set `true' on input line 4073.
Package hyperref Info: Option `colorlinks' set `true' on input line 4073.
Package hyperref Info: Option `breaklinks' set `true' on input line 4073.
Package hyperref Info: Hyper figures OFF on input line 4192.
Package hyperref Info: Link nesting OFF on input line 4197.
Package hyperref Info: Hyper index ON on input line 4200.
Package hyperref Info: Plain pages OFF on input line 4207.
Package hyperref Info: Backreferencing OFF on input line 4212.
Package hyperref Info: Implicit mode ON; LaTeX internals redefined.
Package hyperref Info: Bookmarks ON on input line 4445.
\c@Hy@tempcnt=\count289

(/usr/share/texmf-dist/tex/latex/url/url.sty
\Urlmuskip=\muskip17
Package: url 2013/09/16  ver 3.4  Verb mode for urls, etc.
)
LaTeX Info: Redefining \url on input line 4804.
\XeTeXLinkMargin=\dimen190

(/usr/share/texmf-dist/tex/generic/bitset/bitset.sty
Package: bitset 2019/12/09 v1.3 Handle bit-vector datatype (HO)

(/usr/share/texmf-dist/tex/generic/bigintcalc/bigintcalc.sty
Package: bigintcalc 2019/12/15 v1.5 Expandable calculations on big integers (HO
)
))
\Fld@menulength=\count290
\Field@Width=\dimen191
\Fld@charsize=\dimen192
Package hyperref Info: Hyper figures OFF on input line 6075.
Package hyperref Info: Link nesting OFF on input line 6080.
Package hyperref Info: Hyper index ON on input line 6083.
Package hyperref Info: backreferencing OFF on input line 6090.
Package hyperref Info: Link coloring ON on input line 6093.
Package hyperref Info: Link coloring with OCG OFF on input line 6100.
Package hyperref Info: PDF/A mode OFF on input line 6105.
LaTeX Info: Redefining \ref on input line 6145.
LaTeX Info: Redefining \pageref on input line 6149.

(/usr/share/texmf-dist/tex/latex/base/atbegshi-ltx.sty
Package: atbegshi-ltx 2020/08/17 v1.0a Emulation of the original atbegshi packa
ge
with kernel methods
)
\Hy@abspage=\count291
\c@Item=\count292
\c@Hfootnote=\count293
)
Package hyperref Info: Driver (autodetected): hpdftex.

(/usr/share/texmf-dist/tex/latex/hyperref/hpdftex.def
File: hpdftex.def 2021-02-27 v7.00k Hyperref driver for pdfTeX

(/usr/share/texmf-dist/tex/latex/base/atveryend-ltx.sty
Package: atveryend-ltx 2020/08/19 v1.0a Emulation of the original atvery packag
e
with kernel methods
)
\Fld@listcount=\count294
\c@bookmark@seq@number=\count295

(/usr/share/texmf-dist/tex/latex/rerunfilecheck/rerunfilecheck.sty
Package: rerunfilecheck 2019/12/05 v1.9 Rerun checks for auxiliary files (HO)

(/usr/share/texmf-dist/tex/generic/uniquecounter/uniquecounter.sty
Package: uniquecounter 2019/12/15 v1.4 Provide unlimited unique counter (HO)
)
Package uniquecounter Info: New unique counter `rerunfilecheck' on input line 2
86.
)
\Hy@SectionHShift=\skip80
)
(/usr/share/texmf-dist/tex/latex/oberdiek/hypcap.sty
Package: hypcap 2016/05/16 v1.12 Adjusting the anchors of captions (HO)
) (./sphinxmessages.sty
Package: sphinxmessages 2019/01/04 v2.0 Localized LaTeX macros (Sphinx team)
)
\@indexfile=\write4
\openout4 = `interbtc.idx'.


Writing index file interbtc.idx
LaTeX Font Info:    Trying to load font information for T1+ptm on input line 83
.
(/usr/share/texmf-dist/tex/latex/psnfss/t1ptm.fd
File: t1ptm.fd 2001/06/04 font definitions for T1/ptm.
)
(/usr/share/texmf-dist/tex/latex/l3backend/l3backend-pdftex.def
File: l3backend-pdftex.def 2021-03-18 L3 backend support: PDF output (pdfTeX)
\l__color_backend_stack_int=\count296
\l__pdf_internal_box=\box66
)
(./interbtc.aux)
\openout1 = `interbtc.aux'.

LaTeX Font Info:    Checking defaults for OML/cmm/m/it on input line 83.
LaTeX Font Info:    ... okay on input line 83.
LaTeX Font Info:    Checking defaults for OMS/cmsy/m/n on input line 83.
LaTeX Font Info:    ... okay on input line 83.
LaTeX Font Info:    Checking defaults for OT1/cmr/m/n on input line 83.
LaTeX Font Info:    ... okay on input line 83.
LaTeX Font Info:    Checking defaults for T1/cmr/m/n on input line 83.
LaTeX Font Info:    ... okay on input line 83.
LaTeX Font Info:    Checking defaults for TS1/cmr/m/n on input line 83.
LaTeX Font Info:    ... okay on input line 83.
LaTeX Font Info:    Checking defaults for OMX/cmex/m/n on input line 83.
LaTeX Font Info:    ... okay on input line 83.
LaTeX Font Info:    Checking defaults for U/cmr/m/n on input line 83.
LaTeX Font Info:    ... okay on input line 83.
LaTeX Font Info:    Checking defaults for PD1/pdf/m/n on input line 83.
LaTeX Font Info:    ... okay on input line 83.
LaTeX Font Info:    Checking defaults for PU/pdf/m/n on input line 83.
LaTeX Font Info:    ... okay on input line 83.
 (/usr/share/texmf-dist/tex/context/base/mkii/supp-pdf.mkii
[Loading MPS to PDF converter (version 2006.09.02).]
\scratchcounter=\count297
\scratchdimen=\dimen193
\scratchbox=\box67
\nofMPsegments=\count298
\nofMParguments=\count299
\everyMPshowfont=\toks30
\MPscratchCnt=\count300
\MPscratchDim=\dimen194
\MPnumerator=\count301
\makeMPintoPDFobject=\count302
\everyMPtoPDFconversion=\toks31
) (/usr/share/texmf-dist/tex/latex/epstopdf-pkg/epstopdf-base.sty
Package: epstopdf-base 2020-01-24 v2.11 Base part for package epstopdf
Package epstopdf-base Info: Redefining graphics rule for `.eps' on input line 4
85.

(/usr/share/texmf-dist/tex/latex/latexconfig/epstopdf-sys.cfg
File: epstopdf-sys.cfg 2010/07/13 v1.3 Configuration of (r)epstopdf for TeX Liv
e
))
*geometry* driver: auto-detecting
*geometry* detected driver: pdftex
*geometry* verbose mode - [ preamble ] result:
* driver: pdftex
* paper: a4paper
* layout: <same size as paper>
* layoutoffset:(h,v)=(0.0pt,0.0pt)
* modes: twoside 
* h-part:(L,W,R)=(72.26999pt, 452.9679pt, 72.26999pt)
* v-part:(T,H,B)=(72.26999pt, 700.50687pt, 72.26999pt)
* \paperwidth=597.50787pt
* \paperheight=845.04684pt
* \textwidth=452.9679pt
* \textheight=700.50687pt
* \oddsidemargin=0.0pt
* \evensidemargin=0.0pt
* \topmargin=-37.0pt
* \headheight=12.0pt
* \headsep=25.0pt
* \topskip=10.0pt
* \footskip=30.0pt
* \marginparwidth=36.135pt
* \marginparsep=11.0pt
* \columnsep=10.0pt
* \skip\footins=9.0pt plus 4.0pt minus 2.0pt
* \hoffset=0.0pt
* \voffset=0.0pt
* \mag=1000
* \@twocolumnfalse
* \@twosidetrue
* \@mparswitchtrue
* \@reversemarginfalse
* (1in=72.27pt=25.4mm, 1cm=28.453pt)

Package hyperref Info: Link coloring ON on input line 83.
(/usr/share/texmf-dist/tex/latex/hyperref/nameref.sty
Package: nameref 2021-04-02 v2.47 Cross-referencing by name of section

(/usr/share/texmf-dist/tex/latex/refcount/refcount.sty
Package: refcount 2019/12/15 v3.6 Data extraction from label references (HO)
)
(/usr/share/texmf-dist/tex/generic/gettitlestring/gettitlestring.sty
Package: gettitlestring 2019/12/15 v1.6 Cleanup title references (HO)
)
\c@section@level=\count303
)
LaTeX Info: Redefining \ref on input line 83.
LaTeX Info: Redefining \pageref on input line 83.
LaTeX Info: Redefining \nameref on input line 83.

(./interbtc.out) (./interbtc.out)
\@outlinefile=\write5
\openout5 = `interbtc.out'.

Package hyperref Info: Option `pageanchor' set `false' on input line 86.
LaTeX Font Info:    Trying to load font information for T1+phv on input line 86
.

(/usr/share/texmf-dist/tex/latex/psnfss/t1phv.fd
File: t1phv.fd 2020/03/25 scalable font definitions for T1/phv.
)
LaTeX Font Info:    Font shape `T1/phv/b/it' in size <10> not available
(Font)              Font shape `T1/phv/b/sl' tried instead on input line 86.
LaTeX Font Info:    Font shape `T1/phv/b/it' in size <17.28> not available
(Font)              Font shape `T1/phv/b/sl' tried instead on input line 86.
<<ot1.cmap>><<oml.cmap>><<oms.cmap>><<omx.cmap>>
LaTeX Font Info:    Trying to load font information for U+msa on input line 86.

 (/usr/share/texmf-dist/tex/latex/amsfonts/umsa.fd
File: umsa.fd 2013/01/14 v3.01 AMS symbols A
)
LaTeX Font Info:    Trying to load font information for U+msb on input line 86.


(/usr/share/texmf-dist/tex/latex/amsfonts/umsb.fd
File: umsb.fd 2013/01/14 v3.01 AMS symbols B
) [1

{/var/lib/texmf/fonts/map/pdftex/updmap/pdftex.map}] [2


] (./interbtc.toc [1

] [2])
\tf@toc=\write6
\openout6 = `interbtc.toc'.

 [3] [4

] [1] [2

]
Chapter 1.
<overview.png, id=659, 2615.7725pt x 1830.84pt>
LaTeX Font Info:    Trying to load font information for T1+pcr on input line 10
8.
(/usr/share/texmf-dist/tex/latex/psnfss/t1pcr.fd
File: t1pcr.fd 2001/06/04 font definitions for T1/pcr.
)
File: overview.png Graphic file (type png)
<use overview.png>
Package pdftex.def Info: overview.png  used on input line 108.
(pdftex.def)             Requested size: 452.93753pt x 317.0215pt.
 [3 <./overview.png>]
<Overview-Func.png, id=668, 2587.6675pt x 1492.57625pt>
File: Overview-Func.png Graphic file (type png)
<use Overview-Func.png>
Package pdftex.def Info: Overview-Func.png  used on input line 125.
(pdftex.def)             Requested size: 452.96706pt x 261.27309pt.
LaTeX Font Info:    Trying to load font information for TS1+ptm on input line 1
33.

(/usr/share/texmf-dist/tex/latex/psnfss/ts1ptm.fd
File: ts1ptm.fd 2001/06/04 font definitions for TS1/ptm.
)
<Overview-Components.png, id=669, 596.7093pt x 416.5161pt>
File: Overview-Components.png Graphic file (type png)
<use Overview-Components.png>
Package pdftex.def Info: Overview-Components.png  used on input line 147.
(pdftex.def)             Requested size: 452.9757pt x 316.1869pt.
 [4 <./Overview-Func.png>]
[5 <./Overview-Components.png>] [6

]
Chapter 2.
<xclaim-process.png, id=689, 694.39426pt x 195.129pt>
File: xclaim-process.png Graphic file (type png)
<use xclaim-process.png>
Package pdftex.def Info: xclaim-process.png  used on input line 210.
(pdftex.def)             Requested size: 452.97205pt x 127.28787pt.
[7] [8 <./xclaim-process.png>]
Chapter 3.
[9

] [10

]
Chapter 4.
[11]
<architecture.png, id=735, 709.2096pt x 341.8371pt>
File: architecture.png Graphic file (type png)
<use architecture.png>
Package pdftex.def Info: architecture.png  used on input line 347.
(pdftex.def)             Requested size: 452.97275pt x 218.33162pt.
 [12 <./architecture.png>] [13]
<detailed-architecture.png, id=755, 638.6259pt x 880.7304pt>
File: detailed-architecture.png Graphic file (type png)
<use detailed-architecture.png>
Package pdftex.def Info: detailed-architecture.png  used on input line 430.
(pdftex.def)             Requested size: 452.98904pt x 624.70477pt.
 [14] [15 <./detailed-architecture.png>]
[16

]
Chapter 5.
[17] [18

]
Chapter 6.
[19] [20

]
Chapter 7.
[21] [22] [23] [24]

Package textcomp Warning: Symbol \textasciigrave not provided by
(textcomp)                font family pcr in TS1 encoding.
(textcomp)                Default family used instead on input line 1.

LaTeX Font Info:    Trying to load font information for T1+cmtt on input line 1
.
(/usr/share/texmf-dist/tex/latex/base/t1cmtt.fd
File: t1cmtt.fd 2019/12/16 v2.5j Standard LaTeX font definitions
)
LaTeX Font Info:    Trying to load font information for TS1+cmtt on input line 
1.

(/usr/share/texmf-dist/tex/latex/base/ts1cmtt.fd
File: ts1cmtt.fd 2019/12/16 v2.5j Standard LaTeX font definitions
) [25] [26

]
Chapter 8.
[27] [28] [29] [30]
Chapter 9.
[31

] [32]
Underfull \hbox (badness 10000) in paragraph at lines 1211--1212
[]\T1/ptm/m/n/10 Check if the caller of the func-tion is the \T1/pcr/m/n/10 Aut
horizedOracle\T1/ptm/m/n/10 . If not, throw
 []

[33]
Underfull \hbox (badness 10000) in paragraph at lines 1270--1271
[]\T1/ptm/m/n/10 If the caller of the func-tion is not in \T1/pcr/m/n/10 Author
izedOracles \T1/ptm/m/n/10 MUST re-turn
 []

[34] [35] [36]
Chapter 10.
<VaultRegistry-Issue.png, id=1006, 614.295pt x 370.7451pt>
File: VaultRegistry-Issue.png Graphic file (type png)
<use VaultRegistry-Issue.png>
Package pdftex.def Info: VaultRegistry-Issue.png  used on input line 1476.
(pdftex.def)             Requested size: 452.96832pt x 273.39668pt.
[37

] [38 <./VaultRegistry-Issue.png>] [39]
Underfull \hbox (badness 10000) in paragraph at lines 1653--1654
[]\T1/pcr/m/n/10 ERR_VAULT_NOT_FOUND = "There exists no vault with the given ac
count
 []

[40]
Underfull \hbox (badness 10000) in paragraph at lines 1765--1766
[]\T1/pcr/m/n/10 ERR_UNAUTHORIZED_USER = Unauthorized: Caller must be associate
d user\T1/ptm/m/n/10 :
 []

[41]
Underfull \hbox (badness 5217) in paragraph at lines 1875--1876
[]\T1/ptm/m/n/10 Check if the is-sue has ex-pired by call-ing [][]\T1/ptm/m/it/
10 ha-s-Ex-pired[][] \T1/ptm/m/n/10 in the Se-cu-rity mod-ule, and throw
 []

[42] [43] [44]
Chapter 11.
[45

] [46] [47]
Underfull \hbox (badness 10000) in paragraph at lines 2416--2417
\T1/ptm/m/n/10 Returns the max-i-mum nom-i-na-tion ra-tio (as %), de-not-ing th
e max-i-mum
 []

[48]
Underfull \hbox (badness 10000) in paragraph at lines 2528--2529
[]\T1/ptm/m/n/10 Check if the caller is not al-ready opted in to nom-i-na-tion.
 If not, throw
 []

[49] [50]
Underfull \hbox (badness 10000) in paragraph at lines 2699--2700
[]\T1/pcr/m/n/10 RequestOperatorCollateralWithdrawal(requestId, operatorId, mat
urity,
 []

[51]
Underfull \hbox (badness 10000) in paragraph at lines 2770--2771
[]\T1/pcr/m/n/10 RequestNominatorCollateralWithdrawal(requestId, nominatorId,
 []

[52]
Underfull \hbox (badness 10000) in paragraph at lines 2900--2901
[]\T1/pcr/m/n/10 ExecuteNominatorCollateralWithdrawal(nominatorId, operatorId,
 []

[53] [54]
Underfull \hbox (badness 10000) in paragraph at lines 2998--2999
[]\T1/ptm/m/n/10 Check \T1/pcr/m/n/10 requestId \T1/ptm/m/n/10 cor-re-sponds to
 an ac-tual with-drawal re-quest. If not, throw
 []


Underfull \hbox (badness 10000) in paragraph at lines 3072--3073
[]\T1/ptm/m/n/10 Check \T1/pcr/m/n/10 requestId \T1/ptm/m/n/10 cor-re-sponds to
 an ac-tual with-drawal re-quest. If not, throw
 []

[55]
Underfull \hbox (badness 10000) in paragraph at lines 3163--3164
[]\T1/pcr/m/n/10 RequestOperatorCollateralWithdrawal(requestId, operatorId, mat
urityBlock,
 []

[56]
Underfull \hbox (badness 10000) in paragraph at lines 3241--3242
[]\T1/pcr/m/n/10 RequestNominatorCollateralWithdrawal(requestId, nominatorId, o
peratorId,
 []

[57] [58]
Chapter 12.
[59

]
<VaultRegistry-Redeem.png, id=1384, 614.295pt x 370.38374pt>
File: VaultRegistry-Redeem.png Graphic file (type png)
<use VaultRegistry-Redeem.png>
Package pdftex.def Info: VaultRegistry-Redeem.png  used on input line 3377.
(pdftex.def)             Requested size: 452.96832pt x 273.11325pt.
 [60 <./VaultRegistry-Redeem.png>] [61] [62]
Overfull \hbox (1.35991pt too wide) in paragraph at lines 3628--3628
[]
 []


Underfull \hbox (badness 10000) in paragraph at lines 3628--3628

 []


Underfull \hbox (badness 10000) in paragraph at lines 3643--3644
[]\T1/pcr/m/n/10 redeem.amount_btc \T1/ptm/m/n/10 is \T1/pcr/m/n/10 amountinter
btc - redeem.fee - redeem.
 []

[63]
Underfull \hbox (badness 10000) in paragraph at lines 3697--3698
[]\T1/pcr/m/n/10 RequestRedeem(redeemID, redeemer, redeemAmountWrapped, feeWrap
ped,
 []

[64] [65]
Underfull \hbox (badness 6775) in paragraph at lines 3857--3858
[]\T1/ptm/m/n/10 If the vault is liq-ui-dated, the re-deemer MUST be trans-ferr
ed part of the vault's col-lat-
 []


Underfull \hbox (badness 10000) in paragraph at lines 3862--3863
[]\T1/ptm/m/n/10 If \T1/pcr/m/n/10 reimburse \T1/ptm/m/n/10 is true, the user S
HOULD be re-im-bursed the worth of
 []


Underfull \hbox (badness 10000) in paragraph at lines 3885--3886
[][][]\T1/ptm/m/it/10 decreaseTokens[][] \T1/ptm/m/n/10 MUST be called, sup-ply
-ing the vault, the user, and
 []


Underfull \hbox (badness 10000) in paragraph at lines 3900--3901
[][][]\T1/ptm/m/it/10 decreaseToBeRedeemedTokens[][] \T1/ptm/m/n/10 MUST be cal
led, sup-ply-ing the vault and
 []


Underfull \hbox (badness 10000) in paragraph at lines 3919--3920
[]\T1/ptm/m/n/10 The vault's \T1/pcr/m/n/10 toBeRedeemedTokens \T1/ptm/m/n/10 M
UST de-crease by
 []

[66]
Underfull \hbox (badness 10000) in paragraph at lines 3999--4000
[]\T1/pcr/m/n/10 RequestRedeem(redeemID, redeemer, redeemAmountWrapped, feeWrap
ped,
 []

[67] [68] [69] [70]
Chapter 13.

Overfull \hbox (73.39676pt too wide) in paragraph at lines 4308--4308
[]
 []


Underfull \hbox (badness 10000) in paragraph at lines 4308--4308

 []


Overfull \hbox (142.29622pt too wide) in paragraph at lines 4324--4324
[]
 []


Underfull \hbox (badness 10000) in paragraph at lines 4324--4324

 []

[71

] [72]
Chapter 14.
[73

]
<VaultRegistry-Replace.png, id=1573, 615.19838pt x 374.90062pt>
File: VaultRegistry-Replace.png Graphic file (type png)
<use VaultRegistry-Replace.png>
Package pdftex.def Info: VaultRegistry-Replace.png  used on input line 4422.
(pdftex.def)             Requested size: 452.96797pt x 276.05492pt.
 [74 <./VaultRegistry-Replace.png>] [75]
Underfull \hbox (badness 10000) in paragraph at lines 4614--4615
[]\T1/ptm/m/n/10 The vault MUST re-quest suf-fi-cient to-kens to be re-placed s
uch that its to-tal is above
 []

[76]
Overfull \hbox (17.812pt too wide) in paragraph at lines 4655--4656
[]\T1/pcr/m/n/10 WithdrawReplaceRequest(oldVault, withdrawnTokens, withdrawnGri
efingCollateral)\T1/ptm/m/n/10 :
 []


Underfull \hbox (badness 10000) in paragraph at lines 4676--4677
[]\T1/ptm/m/n/10 The vault's \T1/pcr/m/n/10 toBeReplacedTokens \T1/ptm/m/n/10 i
s de-crease by an amount of \T1/pcr/m/n/10 tokenDecrease =
 []


Underfull \hbox (badness 5504) in paragraph at lines 4679--4680
[]\T1/ptm/m/n/10 The vault's \T1/pcr/m/n/10 replaceCollateral \T1/ptm/m/n/10 is
 de-creased by the amount \T1/pcr/m/n/10 releasedCollateral =
 []


Underfull \hbox (badness 10000) in paragraph at lines 4713--4714
[]\T1/pcr/m/n/10 AcceptReplace(replaceId, oldVault, newVault, btcAmount, collat
eral,
 []

[77]

Package textcomp Warning: Symbol \textasciigrave not provided by
(textcomp)                font family ptm in TS1 encoding.
(textcomp)                Default family used instead on input line 4736.


Package textcomp Warning: Symbol \textasciigrave not provided by
(textcomp)                font family ptm in TS1 encoding.
(textcomp)                Default family used instead on input line 4736.


Package textcomp Warning: Symbol \textasciigrave not provided by
(textcomp)                font family ptm in TS1 encoding.
(textcomp)                Default family used instead on input line 4736.


Package textcomp Warning: Symbol \textasciigrave not provided by
(textcomp)                font family ptm in TS1 encoding.
(textcomp)                Default family used instead on input line 4736.


Underfull \hbox (badness 10000) in paragraph at lines 4742--4743
\T1/pcr/m/n/10 toBeReplacedTokens, btcAmount)\T1/ptm/m/n/10 . The amount of gri
ef-in-g-Col-lat-eral used is
 []


Underfull \hbox (badness 10000) in paragraph at lines 4742--4743
\T1/pcr/m/n/10 consumedGriefingCollateral = oldVault.replaceCollateral * (consu
medTokens /
 []

[78] [79]
Overfull \hbox (15.0321pt too wide) in paragraph at lines 4948--4949
[]\T1/pcr/m/n/10 WithdrawReplaceRequest(oldVault, withdrawnTokens, withdrawnGri
efingCollateral) 
 []


Underfull \hbox (badness 10000) in paragraph at lines 4977--4978
[]\T1/pcr/m/n/10 AcceptReplace(replaceId, oldVault, newVault, btcAmount, collat
eral,
 []

[80] [81] [82] [83] [84

]
Chapter 15.
<failureModes.png, id=1697, 2411.0075pt x 2565.585pt>
File: failureModes.png Graphic file (type png)
<use failureModes.png>
Package pdftex.def Info: failureModes.png  used on input line 5249.
(pdftex.def)             Requested size: 452.94574pt x 481.98555pt.
[85] [86 <./failureModes.png>] [87] [88] [89] [90]
Chapter 16.
[91

] [92] [93] [94]
Chapter 17.
[95

]
Underfull \hbox (badness 10000) in paragraph at lines 5850--5851
[]\T1/pcr/m/n/10 ERR_ALREADY_REGISTERED = "This AccountId is already registered
 as a
 []


Underfull \hbox (badness 10000) in paragraph at lines 5867--5868
[]\T1/ptm/m/n/10 Check that the \T1/pcr/m/n/10 stakedRelayer \T1/ptm/m/n/10 is 
not al-ready in \T1/pcr/m/n/10 StakedRelayers\T1/ptm/m/n/10 . Re-turn
 []

[96]
Underfull \hbox (badness 10000) in paragraph at lines 5912--5913
[]\T1/pcr/m/n/10 ERR_NOT_REGISTERED = "This AccountId is not registered as a St
aked
 []


Underfull \hbox (badness 10000) in paragraph at lines 5924--5925
[]\T1/ptm/m/n/10 Check if the \T1/pcr/m/n/10 stakedRelayer \T1/ptm/m/n/10 is in
-deed reg-is-tered in \T1/pcr/m/n/10 StakedRelayers\T1/ptm/m/n/10 . Re-turn
 []


Underfull \hbox (badness 6893) in paragraph at lines 5931--5932
[]\T1/ptm/m/n/10 Release the stake/collateral of the \T1/pcr/m/n/10 stakedRelay
er \T1/ptm/m/n/10 by call-ing [][]\T1/ptm/m/it/10 lock-Col-lat-eral[][] \T1/ptm
/m/n/10 and pass-ing
 []

[97]
Underfull \hbox (badness 10000) in paragraph at lines 5977--5978
[]\T1/pcr/m/n/10 ERR_GOVERNANCE_ONLY = This action can only be executed by the
 []


Underfull \hbox (badness 10000) in paragraph at lines 5980--5981
[]\T1/pcr/m/n/10 ERR_NOT_REGISTERED = "This AccountId is not registered as a St
aked
 []


Underfull \hbox (badness 10000) in paragraph at lines 5989--5990
[]\T1/ptm/m/n/10 Check that the caller of this func-tion is in-deed the Gov-er-
nance Mech-a-nism. Re-turn
 []


Underfull \hbox (badness 10000) in paragraph at lines 5992--5993
[]\T1/ptm/m/n/10 Retrieve the staked re-layer with the given ac-count iden-ti-f
ier (\T1/pcr/m/n/10 stakedRelayer\T1/ptm/m/n/10 ) from
 []

[98]
Underfull \hbox (badness 10000) in paragraph at lines 6061--6062
[]\T1/pcr/m/n/10 ERR_STAKED_RELAYERS_ONLY = "This action can only be executed b
y Staked
 []


Underfull \hbox (badness 10000) in paragraph at lines 6064--6065
[]\T1/pcr/m/n/10 ERR_ALREADY_REPORTED = "This txId has already been logged as a
 theft by
 []


Underfull \hbox (badness 10000) in paragraph at lines 6067--6068
[]\T1/pcr/m/n/10 ERR_VAULT_NOT_FOUND = "There exists no vault with the given ac
count
 []


Underfull \hbox (badness 10000) in paragraph at lines 6070--6071
[]\T1/pcr/m/n/10 ERR_ALREADY_LIQUIDATED = "This vault is already being liquidat
ed\T1/ptm/m/n/10 : The
 []


Underfull \hbox (badness 10000) in paragraph at lines 6073--6074
[]\T1/pcr/m/n/10 ERR_VALID_REDEEM = "The given transaction is a valid Redeem ex
ecution
 []


Underfull \hbox (badness 10000) in paragraph at lines 6076--6077
[]\T1/pcr/m/n/10 ERR_VALID_REPLACE = "The given transaction is a valid Replace 
execution
 []


Underfull \hbox (badness 10000) in paragraph at lines 6079--6080
[]\T1/pcr/m/n/10 ERR_VALID_REFUND = "The given transaction is a valid Refund ex
ecution
 []

LaTeX Font Info:    Trying to load font information for TS1+pcr on input line 1
.
(/usr/share/texmf-dist/tex/latex/psnfss/ts1pcr.fd
File: ts1pcr.fd 2001/06/04 font definitions for TS1/pcr.
)
Underfull \hbox (badness 10000) in paragraph at lines 6082--6083
[]\T1/pcr/m/n/10 ERR_VALID_MERGE_TRANSACTION = "The given transaction is a vali
d \TS1/pcr/m/n/10 '\T1/pcr/m/n/10 UTXO
 []

[99]
Underfull \hbox (badness 10000) in paragraph at lines 6132--6133
\T1/ptm/m/n/10 (in \T1/pcr/m/n/10 RedeemRequests \T1/ptm/m/n/10 in [][]\T1/ptm/
m/it/10 Re-deem[][]\T1/ptm/m/n/10 ), any \T1/pcr/m/n/10 replaceId \T1/ptm/m/n/1
0 in \T1/pcr/m/n/10 ReplaceRequest
 []


Underfull \hbox (badness 6063) in paragraph at lines 6132--6133
\T1/ptm/m/n/10 (in \T1/pcr/m/n/10 RedeemRequests \T1/ptm/m/n/10 in [][]\T1/ptm/
m/it/10 Re-deem[][]\T1/ptm/m/n/10 ) or any \T1/pcr/m/n/10 refundId \T1/ptm/m/n/
10 in \T1/pcr/m/n/10 RefundRequest \T1/ptm/m/n/10 (in
 []


Underfull \hbox (badness 10000) in paragraph at lines 6148--6149
[]\T1/ptm/m/n/10 If all checks are suc-cess-ful, abort and re-turn \T1/pcr/m/n/
10 ERR_VALID_REDEEM\T1/ptm/m/n/10 ,
 []

[100] [101] [102]
Chapter 18.
[103

] [104] [105]
Underfull \hbox (badness 10000) in paragraph at lines 6637--6638
[]\T1/ptm/m/n/10 Checks if the user has a bal-ance higher than or equal to the 
re-quested amount, i.e.
 []

[106] [107] [108]
Chapter 19.
[109

] [110] [111] [112]
Underfull \hbox (badness 10000) in paragraph at lines 7213--7214
[]\T1/pcr/m/n/10 DepositCollateral(vaultId, newCollateral, totalCollateral,
 []

[113] [114] [115] [116] [117] [118] [119]
Underfull \hbox (badness 10000) in paragraph at lines 7814--7815
[]\T1/ptm/m/n/10 The vault's in-creased \T1/pcr/m/n/10 toBeReplaceedTokens \T1/
ptm/m/n/10 MUST NOT ex-ceed \T1/pcr/m/n/10 issuedTokens -
 []

[120] [121] [122]
Underfull \hbox (badness 10000) in paragraph at lines 8076--8077
\T1/pcr/m/n/10 - confiscatedCollateral * (toBeRedeemedTokens / (toBeIssuedToken
s +
 []


Underfull \hbox (badness 6775) in paragraph at lines 8076--8077
\T1/pcr/m/n/10 issuedTokens)) \T1/ptm/m/n/10 is moved, where \T1/pcr/m/n/10 con
fiscatedCollateral \T1/ptm/m/n/10 is the min-i-mum of the
 []

[123] [124] [125] [126] [127] [128] [129] [130

]
Chapter 20.
[131]
Underfull \hbox (badness 10000) in paragraph at lines 8723--8724
[]\T1/ptm/m/n/10 The Vault loses \T1/pcr/m/n/10 confiscatedCollateral = min(SEC
URE_THRESHOLD * (issued +
 []


Underfull \hbox (badness 10000) in paragraph at lines 8733--8734
[]\T1/ptm/m/n/10 The user re-ceives \T1/pcr/m/n/10 liquidationVault.collateral 
* (burnedTokens / (issued +
 []


Underfull \hbox (badness 10000) in paragraph at lines 8815--8816
[]\T1/ptm/m/n/10 Calculates \T1/pcr/m/n/10 slashedCollateral = Vault.backingCol
lateral * (redeem.
 []

[132] [133] [134

]
Chapter 21.
[135]

LaTeX Warning: Command \textperiodcentered invalid in math mode on input line 8
993.


LaTeX Warning: Command \textperiodcentered invalid in math mode on input line 8
993.

Missing character: There is no  in font cmr10!

LaTeX Warning: Command \textperiodcentered invalid in math mode on input line 9
006.


LaTeX Warning: Command \textperiodcentered invalid in math mode on input line 9
006.

Missing character: There is no  in font cmr10!

LaTeX Warning: Command \textperiodcentered invalid in math mode on input line 9
022.


LaTeX Warning: Command \textperiodcentered invalid in math mode on input line 9
022.

Missing character: There is no  in font cmr10!

LaTeX Warning: Command \textperiodcentered invalid in math mode on input line 9
022.


LaTeX Warning: Command \textperiodcentered invalid in math mode on input line 9
022.

Missing character: There is no  in font cmr10!
[136] [137] [138] [139] [140

]
Chapter 22.
[141] [142

]
Chapter 23.
[143] [144] [145]
Underfull \hbox (badness 10000) in paragraph at lines 9338--9338
\T1/ptm/m/n/10 layer), Tech-ni-cal risk (BTC
 []


Underfull \hbox (badness 10000) in paragraph at lines 9338--9338
\T1/ptm/m/n/10 Parachain), Mar-ket risks
 []


Underfull \hbox (badness 6876) in paragraph at lines 9338--9338
\T1/ptm/m/n/10 (DOT/BTC volatil-ity and liq-
 []


Underfull \hbox (badness 10000) in paragraph at lines 9338--9338
\T1/ptm/m/n/10 Vault client), Mar-ket risks
 []


Underfull \hbox (badness 10000) in paragraph at lines 9338--9338
\T1/ptm/m/n/10 layer), Tech-ni-cal risk (BTC
 []


Underfull \hbox (badness 10000) in paragraph at lines 9338--9338
\T1/ptm/m/n/10 Parachain), Mar-ket risks
 []


Underfull \hbox (badness 6876) in paragraph at lines 9338--9338
\T1/ptm/m/n/10 (DOT/BTC volatil-ity and liq-
 []


Underfull \hbox (badness 10000) in paragraph at lines 9338--9338
\T1/ptm/m/n/10 Vault client), Mar-ket risks
 []


Overfull \hbox (53.60358pt too wide) in paragraph at lines 9338--9339
 [][] 
 []

[146] [147] [148

]
Chapter 24.
<taxable-actions.png, id=2369, 614.295pt x 343.2825pt>
File: taxable-actions.png Graphic file (type png)
<use taxable-actions.png>
Package pdftex.def Info: taxable-actions.png  used on input line 9374.
(pdftex.def)             Requested size: 452.96832pt x 253.12935pt.
[149] [150 <./taxable-actions.png>] [151]
<fee-payment-flows.png, id=2391, 718.6047pt x 767.5074pt>
File: fee-payment-flows.png Graphic file (type png)
<use fee-payment-flows.png>
Package pdftex.def Info: fee-payment-flows.png  used on input line 9621.
(pdftex.def)             Requested size: 452.96458pt x 483.78987pt.
 [152 <./fee-payment-flows.png>]
[153] [154]
Chapter 25.
[155

] [156] [157] [158

]
Chapter 26.
[159] [160

]
Chapter 27.
<Interlay_Logo.png, id=2447, 724.20563pt x 434.62375pt>
File: Interlay_Logo.png Graphic file (type png)
<use Interlay_Logo.png>
Package pdftex.def Info: Interlay_Logo.png  used on input line 9878.
(pdftex.def)             Requested size: 452.96997pt x 271.85802pt.
(./interbtc.ind) [161 <./Interlay_Logo.png>] (./interbtc.aux)
Package rerunfilecheck Info: File `interbtc.out' has not changed.
(rerunfilecheck)             Checksum: 598DD59C50A82730BF7F7F07BC7A8945;14613.
 ) 
Here is how much of TeX's memory you used:
 15084 strings out of 478994
 223156 string characters out of 5864751
 573656 words of memory out of 5000000
 31241 multiletter control sequences out of 15000+600000
 456290 words of font info for 87 fonts, out of 8000000 for 9000
 1142 hyphenation exceptions out of 8191
 83i,12n,88p,1069b,544s stack positions out of 5000i,500n,10000p,200000b,80000s
{/usr/share/texmf-dist/fonts/enc/dvips/cm-super/cm-super-ts1.enc}{/usr/share/
texmf-dist/fonts/enc/dvips/base/8r.enc}</usr/share/texmf-dist/fonts/type1/publi
c/amsfonts/cm/cmmi10.pfb></usr/share/texmf-dist/fonts/type1/public/amsfonts/cm/
cmmi7.pfb></usr/share/texmf-dist/fonts/type1/public/amsfonts/cm/cmr10.pfb></usr
/share/texmf-dist/fonts/type1/public/amsfonts/cm/cmr7.pfb></usr/share/texmf-dis
t/fonts/type1/public/amsfonts/cm/cmsy10.pfb></usr/share/texmf-dist/fonts/type1/
public/amsfonts/cm/cmsy7.pfb></usr/share/texmf-dist/fonts/type1/public/cm-super
/sfrm1000.pfb></usr/share/texmf-dist/fonts/type1/public/cm-super/sftt1000.pfb><
/usr/share/texmf-dist/fonts/type1/urw/courier/ucrb8a.pfb></usr/share/texmf-dist
/fonts/type1/urw/courier/ucrr8a.pfb></usr/share/texmf-dist/fonts/type1/urw/helv
etic/uhvb8a.pfb></usr/share/texmf-dist/fonts/type1/urw/helvetic/uhvr8a.pfb></us
r/share/texmf-dist/fonts/type1/urw/times/utmb8a.pfb></usr/share/texmf-dist/font
s/type1/urw/times/utmbi8a.pfb></usr/share/texmf-dist/fonts/type1/urw/times/utmr
8a.pfb></usr/share/texmf-dist/fonts/type1/urw/times/utmri8a.pfb>
Output written on interbtc.pdf (167 pages, 2739035 bytes).
PDF statistics:
 2712 PDF objects out of 2984 (max. 8388607)
 2468 compressed objects within 25 object streams
 970 named destinations out of 1000 (max. 500000)
 1062 words of extra memory for PDF output out of 10000 (max. 10000000)

